Flow report for exercise_3
Sat Jun 05 11:36:28 2021
Quartus II 64-Bit Version 13.0.1 Build 232 06/12/2013 Service Pack 1 SJ Web Edition


---------------------
; Table of Contents ;
---------------------
  1. Legal Notice
  2. Flow Summary
  3. Flow Settings
  4. Flow Non-Default Global Settings
  5. Flow Elapsed Time
  6. Flow OS Summary
  7. Flow Log
  8. Flow Messages
  9. Flow Suppressed Messages



----------------
; Legal Notice ;
----------------
Copyright (C) 1991-2013 Altera Corporation
Your use of Altera Corporation's design tools, logic functions 
and other software and tools, and its AMPP partner logic 
functions, and any output files from any of the foregoing 
(including device programming or simulation files), and any 
associated documentation or information are expressly subject 
to the terms and conditions of the Altera Program License 
Subscription Agreement, Altera MegaCore Function License 
Agreement, or other applicable license agreement, including, 
without limitation, that your use is for the sole purpose of 
programming logic devices manufactured by Altera and sold by 
Altera or its authorized distributors.  Please refer to the 
applicable agreement for further details.



+--------------------------------------------------------------------------------------+
; Flow Summary                                                                         ;
+------------------------------------+-------------------------------------------------+
; Flow Status                        ; Successful - Sat Jun 05 11:36:28 2021           ;
; Quartus II 64-Bit Version          ; 13.0.1 Build 232 06/12/2013 SP 1 SJ Web Edition ;
; Revision Name                      ; exercise_3                                      ;
; Top-level Entity Name              ; tap_controller                                  ;
; Family                             ; Cyclone IV GX                                   ;
; Total logic elements               ; 25 / 14,400 ( < 1 % )                           ;
;     Total combinational functions  ; 23 / 14,400 ( < 1 % )                           ;
;     Dedicated logic registers      ; 16 / 14,400 ( < 1 % )                           ;
; Total registers                    ; 16                                              ;
; Total pins                         ; 7 / 81 ( 9 % )                                  ;
; Total virtual pins                 ; 0                                               ;
; Total memory bits                  ; 0 / 552,960 ( 0 % )                             ;
; Embedded Multiplier 9-bit elements ; 0                                               ;
; Total GXB Receiver Channel PCS     ; 0 / 2 ( 0 % )                                   ;
; Total GXB Receiver Channel PMA     ; 0 / 2 ( 0 % )                                   ;
; Total GXB Transmitter Channel PCS  ; 0 / 2 ( 0 % )                                   ;
; Total GXB Transmitter Channel PMA  ; 0 / 2 ( 0 % )                                   ;
; Total PLLs                         ; 0 / 3 ( 0 % )                                   ;
; Device                             ; EP4CGX15BF14C6                                  ;
; Timing Models                      ; Final                                           ;
+------------------------------------+-------------------------------------------------+


+-----------------------------------------+
; Flow Settings                           ;
+-------------------+---------------------+
; Option            ; Setting             ;
+-------------------+---------------------+
; Start date & time ; 06/05/2021 11:36:10 ;
; Main task         ; Compilation         ;
; Revision Name     ; exercise_3          ;
+-------------------+---------------------+


+-----------------------------------------------------------------------------------------------------------------------------+
; Flow Non-Default Global Settings                                                                                            ;
+--------------------------------------+---------------------------------+---------------+----------------+-------------------+
; Assignment Name                      ; Value                           ; Default Value ; Entity Name    ; Section Id        ;
+--------------------------------------+---------------------------------+---------------+----------------+-------------------+
; COMPILER_SIGNATURE_ID                ; 184849020672895.162288216910800 ; --            ; --             ; --                ;
; EDA_DESIGN_INSTANCE_NAME             ; NA                              ; --            ; --             ; BSC_tb            ;
; EDA_DESIGN_INSTANCE_NAME             ; NA                              ; --            ; --             ; tap_controller_tb ;
; EDA_NATIVELINK_SIMULATION_TEST_BENCH ; BSC_tb                          ; --            ; --             ; eda_simulation    ;
; EDA_OUTPUT_DATA_FORMAT               ; Vhdl                            ; --            ; --             ; eda_simulation    ;
; EDA_SIMULATION_TOOL                  ; ModelSim-Altera (VHDL)          ; <None>        ; --             ; --                ;
; EDA_TEST_BENCH_ENABLE_STATUS         ; TEST_BENCH_MODE                 ; --            ; --             ; eda_simulation    ;
; EDA_TEST_BENCH_FILE                  ; BSC_tb.v                        ; --            ; --             ; BSC_tb            ;
; EDA_TEST_BENCH_FILE                  ; tap_controller_tb.v             ; --            ; --             ; tap_controller_tb ;
; EDA_TEST_BENCH_MODULE_NAME           ; BSC_tb                          ; --            ; --             ; BSC_tb            ;
; EDA_TEST_BENCH_MODULE_NAME           ; tap_controller_tb               ; --            ; --             ; tap_controller_tb ;
; EDA_TEST_BENCH_NAME                  ; BSC_tb                          ; --            ; --             ; eda_simulation    ;
; EDA_TEST_BENCH_NAME                  ; tap_controller_tb               ; --            ; --             ; eda_simulation    ;
; PARTITION_COLOR                      ; 16764057                        ; --            ; tap_controller ; Top               ;
; PARTITION_FITTER_PRESERVATION_LEVEL  ; PLACEMENT_AND_ROUTING           ; --            ; tap_controller ; Top               ;
; PARTITION_NETLIST_TYPE               ; SOURCE                          ; --            ; tap_controller ; Top               ;
; PROJECT_OUTPUT_DIRECTORY             ; output_files                    ; --            ; --             ; --                ;
; TOP_LEVEL_ENTITY                     ; tap_controller                  ; exercise_3    ; --             ; --                ;
+--------------------------------------+---------------------------------+---------------+----------------+-------------------+


+-------------------------------------------------------------------------------------------------------------------------------+
; Flow Elapsed Time                                                                                                             ;
+---------------------------+--------------+-------------------------+---------------------+------------------------------------+
; Module Name               ; Elapsed Time ; Average Processors Used ; Peak Virtual Memory ; Total CPU Time (on all processors) ;
+---------------------------+--------------+-------------------------+---------------------+------------------------------------+
; Analysis & Synthesis      ; 00:00:02     ; 1.0                     ; 4632 MB             ; 00:00:02                           ;
; Fitter                    ; 00:00:07     ; 1.0                     ; 4964 MB             ; 00:00:06                           ;
; Assembler                 ; 00:00:01     ; 1.0                     ; 4600 MB             ; 00:00:01                           ;
; TimeQuest Timing Analyzer ; 00:00:03     ; 1.0                     ; 4604 MB             ; 00:00:02                           ;
; EDA Netlist Writer        ; 00:00:01     ; 1.0                     ; 4557 MB             ; 00:00:01                           ;
; Total                     ; 00:00:14     ; --                      ; --                  ; 00:00:12                           ;
+---------------------------+--------------+-------------------------+---------------------+------------------------------------+


+----------------------------------------------------------------------------------------+
; Flow OS Summary                                                                        ;
+---------------------------+------------------+-----------+------------+----------------+
; Module Name               ; Machine Hostname ; OS Name   ; OS Version ; Processor type ;
+---------------------------+------------------+-----------+------------+----------------+
; Analysis & Synthesis      ; DESKTOP-679M74P  ; Windows 7 ; 6.2        ; x86_64         ;
; Fitter                    ; DESKTOP-679M74P  ; Windows 7 ; 6.2        ; x86_64         ;
; Assembler                 ; DESKTOP-679M74P  ; Windows 7 ; 6.2        ; x86_64         ;
; TimeQuest Timing Analyzer ; DESKTOP-679M74P  ; Windows 7 ; 6.2        ; x86_64         ;
; EDA Netlist Writer        ; DESKTOP-679M74P  ; Windows 7 ; 6.2        ; x86_64         ;
+---------------------------+------------------+-----------+------------+----------------+


------------
; Flow Log ;
------------
quartus_map --read_settings_files=on --write_settings_files=off exercise_3 -c exercise_3
quartus_fit --read_settings_files=off --write_settings_files=off exercise_3 -c exercise_3
quartus_asm --read_settings_files=off --write_settings_files=off exercise_3 -c exercise_3
quartus_sta exercise_3 -c exercise_3
quartus_eda --read_settings_files=off --write_settings_files=off exercise_3 -c exercise_3



