Analysis & Synthesis report for exercise_3
Sat Jun 05 11:36:11 2021
Quartus II 64-Bit Version 13.0.1 Build 232 06/12/2013 Service Pack 1 SJ Web Edition


---------------------
; Table of Contents ;
---------------------
  1. Legal Notice
  2. Analysis & Synthesis Summary
  3. Analysis & Synthesis Settings
  4. Parallel Compilation
  5. Analysis & Synthesis Source Files Read
  6. Analysis & Synthesis Resource Usage Summary
  7. Analysis & Synthesis Resource Utilization by Entity
  8. State Machine - |tap_controller|current_state
  9. Registers Removed During Synthesis
 10. General Register Statistics
 11. Parameter Settings for User Entity Instance: Top-level Entity: |tap_controller
 12. Elapsed Time Per Partition
 13. Analysis & Synthesis Messages



----------------
; Legal Notice ;
----------------
Copyright (C) 1991-2013 Altera Corporation
Your use of Altera Corporation's design tools, logic functions 
and other software and tools, and its AMPP partner logic 
functions, and any output files from any of the foregoing 
(including device programming or simulation files), and any 
associated documentation or information are expressly subject 
to the terms and conditions of the Altera Program License 
Subscription Agreement, Altera MegaCore Function License 
Agreement, or other applicable license agreement, including, 
without limitation, that your use is for the sole purpose of 
programming logic devices manufactured by Altera and sold by 
Altera or its authorized distributors.  Please refer to the 
applicable agreement for further details.



+--------------------------------------------------------------------------------------+
; Analysis & Synthesis Summary                                                         ;
+------------------------------------+-------------------------------------------------+
; Analysis & Synthesis Status        ; Successful - Sat Jun 05 11:36:11 2021           ;
; Quartus II 64-Bit Version          ; 13.0.1 Build 232 06/12/2013 SP 1 SJ Web Edition ;
; Revision Name                      ; exercise_3                                      ;
; Top-level Entity Name              ; tap_controller                                  ;
; Family                             ; Cyclone IV GX                                   ;
; Total logic elements               ; 23                                              ;
;     Total combinational functions  ; 23                                              ;
;     Dedicated logic registers      ; 16                                              ;
; Total registers                    ; 16                                              ;
; Total pins                         ; 7                                               ;
; Total virtual pins                 ; 0                                               ;
; Total memory bits                  ; 0                                               ;
; Embedded Multiplier 9-bit elements ; 0                                               ;
; Total GXB Receiver Channel PCS     ; 0                                               ;
; Total GXB Receiver Channel PMA     ; 0                                               ;
; Total GXB Transmitter Channel PCS  ; 0                                               ;
; Total GXB Transmitter Channel PMA  ; 0                                               ;
; Total PLLs                         ; 0                                               ;
+------------------------------------+-------------------------------------------------+


+----------------------------------------------------------------------------------------------------------------------+
; Analysis & Synthesis Settings                                                                                        ;
+----------------------------------------------------------------------------+--------------------+--------------------+
; Option                                                                     ; Setting            ; Default Value      ;
+----------------------------------------------------------------------------+--------------------+--------------------+
; Top-level entity name                                                      ; tap_controller     ; exercise_3         ;
; Family name                                                                ; Cyclone IV GX      ; Cyclone IV GX      ;
; Use smart compilation                                                      ; Off                ; Off                ;
; Enable parallel Assembler and TimeQuest Timing Analyzer during compilation ; On                 ; On                 ;
; Enable compact report table                                                ; Off                ; Off                ;
; Restructure Multiplexers                                                   ; Auto               ; Auto               ;
; Create Debugging Nodes for IP Cores                                        ; Off                ; Off                ;
; Preserve fewer node names                                                  ; On                 ; On                 ;
; Disable OpenCore Plus hardware evaluation                                  ; Off                ; Off                ;
; Verilog Version                                                            ; Verilog_2001       ; Verilog_2001       ;
; VHDL Version                                                               ; VHDL_1993          ; VHDL_1993          ;
; State Machine Processing                                                   ; Auto               ; Auto               ;
; Safe State Machine                                                         ; Off                ; Off                ;
; Extract Verilog State Machines                                             ; On                 ; On                 ;
; Extract VHDL State Machines                                                ; On                 ; On                 ;
; Ignore Verilog initial constructs                                          ; Off                ; Off                ;
; Iteration limit for constant Verilog loops                                 ; 5000               ; 5000               ;
; Iteration limit for non-constant Verilog loops                             ; 250                ; 250                ;
; Add Pass-Through Logic to Inferred RAMs                                    ; On                 ; On                 ;
; Infer RAMs from Raw Logic                                                  ; On                 ; On                 ;
; Parallel Synthesis                                                         ; On                 ; On                 ;
; DSP Block Balancing                                                        ; Auto               ; Auto               ;
; NOT Gate Push-Back                                                         ; On                 ; On                 ;
; Power-Up Don't Care                                                        ; On                 ; On                 ;
; Remove Redundant Logic Cells                                               ; Off                ; Off                ;
; Remove Duplicate Registers                                                 ; On                 ; On                 ;
; Ignore CARRY Buffers                                                       ; Off                ; Off                ;
; Ignore CASCADE Buffers                                                     ; Off                ; Off                ;
; Ignore GLOBAL Buffers                                                      ; Off                ; Off                ;
; Ignore ROW GLOBAL Buffers                                                  ; Off                ; Off                ;
; Ignore LCELL Buffers                                                       ; Off                ; Off                ;
; Ignore SOFT Buffers                                                        ; On                 ; On                 ;
; Limit AHDL Integers to 32 Bits                                             ; Off                ; Off                ;
; Optimization Technique                                                     ; Balanced           ; Balanced           ;
; Carry Chain Length                                                         ; 70                 ; 70                 ;
; Auto Carry Chains                                                          ; On                 ; On                 ;
; Auto Open-Drain Pins                                                       ; On                 ; On                 ;
; Perform WYSIWYG Primitive Resynthesis                                      ; Off                ; Off                ;
; Auto ROM Replacement                                                       ; On                 ; On                 ;
; Auto RAM Replacement                                                       ; On                 ; On                 ;
; Auto DSP Block Replacement                                                 ; On                 ; On                 ;
; Auto Shift Register Replacement                                            ; Auto               ; Auto               ;
; Allow Shift Register Merging across Hierarchies                            ; Auto               ; Auto               ;
; Auto Clock Enable Replacement                                              ; On                 ; On                 ;
; Strict RAM Replacement                                                     ; Off                ; Off                ;
; Allow Synchronous Control Signals                                          ; On                 ; On                 ;
; Force Use of Synchronous Clear Signals                                     ; Off                ; Off                ;
; Auto RAM Block Balancing                                                   ; On                 ; On                 ;
; Auto RAM to Logic Cell Conversion                                          ; Off                ; Off                ;
; Auto Resource Sharing                                                      ; Off                ; Off                ;
; Allow Any RAM Size For Recognition                                         ; Off                ; Off                ;
; Allow Any ROM Size For Recognition                                         ; Off                ; Off                ;
; Allow Any Shift Register Size For Recognition                              ; Off                ; Off                ;
; Use LogicLock Constraints during Resource Balancing                        ; On                 ; On                 ;
; Ignore translate_off and synthesis_off directives                          ; Off                ; Off                ;
; Timing-Driven Synthesis                                                    ; On                 ; On                 ;
; Report Parameter Settings                                                  ; On                 ; On                 ;
; Report Source Assignments                                                  ; On                 ; On                 ;
; Report Connectivity Checks                                                 ; On                 ; On                 ;
; Ignore Maximum Fan-Out Assignments                                         ; Off                ; Off                ;
; Synchronization Register Chain Length                                      ; 2                  ; 2                  ;
; PowerPlay Power Optimization                                               ; Normal compilation ; Normal compilation ;
; HDL message level                                                          ; Level2             ; Level2             ;
; Suppress Register Optimization Related Messages                            ; Off                ; Off                ;
; Number of Removed Registers Reported in Synthesis Report                   ; 5000               ; 5000               ;
; Number of Swept Nodes Reported in Synthesis Report                         ; 5000               ; 5000               ;
; Number of Inverted Registers Reported in Synthesis Report                  ; 100                ; 100                ;
; Clock MUX Protection                                                       ; On                 ; On                 ;
; Auto Gated Clock Conversion                                                ; Off                ; Off                ;
; Block Design Naming                                                        ; Auto               ; Auto               ;
; SDC constraint protection                                                  ; Off                ; Off                ;
; Synthesis Effort                                                           ; Auto               ; Auto               ;
; Shift Register Replacement - Allow Asynchronous Clear Signal               ; On                 ; On                 ;
; Pre-Mapping Resynthesis Optimization                                       ; Off                ; Off                ;
; Analysis & Synthesis Message Level                                         ; Medium             ; Medium             ;
; Disable Register Merging Across Hierarchies                                ; Auto               ; Auto               ;
; Resource Aware Inference For Block RAM                                     ; On                 ; On                 ;
; Synthesis Seed                                                             ; 1                  ; 1                  ;
+----------------------------------------------------------------------------+--------------------+--------------------+


Parallel compilation was disabled, but you have multiple processors available. Enable parallel compilation to reduce compilation time.
+-------------------------------------+
; Parallel Compilation                ;
+----------------------------+--------+
; Processors                 ; Number ;
+----------------------------+--------+
; Number detected on machine ; 4      ;
; Maximum allowed            ; 1      ;
+----------------------------+--------+


+----------------------------------------------------------------------------------------------------------------------------------------------------+
; Analysis & Synthesis Source Files Read                                                                                                             ;
+----------------------------------+-----------------+------------------------+------------------------------------------------------------+---------+
; File Name with User-Entered Path ; Used in Netlist ; File Type              ; File Name with Absolute Path                               ; Library ;
+----------------------------------+-----------------+------------------------+------------------------------------------------------------+---------+
; tap_controller.v                 ; yes             ; User Verilog HDL File  ; C:/Users/Dora/Desktop/tenentes/exercise_3/tap_controller.v ;         ;
+----------------------------------+-----------------+------------------------+------------------------------------------------------------+---------+


+---------------------------------------------+
; Analysis & Synthesis Resource Usage Summary ;
+--------------------------+------------------+
; Resource                 ; Usage            ;
+--------------------------+------------------+
; I/O pins                 ; 7                ;
; DSP block 9-bit elements ; 0                ;
; Maximum fan-out node     ; TMS~input        ;
; Maximum fan-out          ; 16               ;
; Total fan-out            ; 135              ;
; Average fan-out          ; 2.55             ;
+--------------------------+------------------+


+-----------------------------------------------------------------------------------------------------------------------------------------------------------------------------------------+
; Analysis & Synthesis Resource Utilization by Entity                                                                                                                                     ;
+----------------------------+-------------------+--------------+-------------+--------------+---------+-----------+-----------+------+--------------+---------------------+--------------+
; Compilation Hierarchy Node ; LC Combinationals ; LC Registers ; Memory Bits ; DSP Elements ; DSP 9x9 ; DSP 18x18 ; DSP 36x36 ; Pins ; Virtual Pins ; Full Hierarchy Name ; Library Name ;
+----------------------------+-------------------+--------------+-------------+--------------+---------+-----------+-----------+------+--------------+---------------------+--------------+
; |tap_controller            ; 23 (23)           ; 16 (16)      ; 0           ; 0            ; 0       ; 0         ; 0         ; 7    ; 0            ; |tap_controller     ; work         ;
+----------------------------+-------------------+--------------+-------------+--------------+---------+-----------+-----------+------+--------------+---------------------+--------------+
Note: For table entries with two numbers listed, the numbers in parentheses indicate the number of resources of the given type used by the specific entity alone. The numbers listed outside of parentheses indicate the total resources of the given type used by the specific entity and all of its sub-entities in the hierarchy.


Encoding Type:  One-Hot
+--------------------------------------------------------------------------------------------------------------------------------------------------------------------------------------------------------------------------------------------------------------------------------------------------------------------------------------------------------------------------------------------------------------------------------------------------------------------------------+
; State Machine - |tap_controller|current_state                                                                                                                                                                                                                                                                                                                                                                                                                                  ;
+--------------------------------+-------------------------+------------------------+-------------------------+------------------------+------------------------+--------------------------+------------------------------+-----------------------------+-------------------------+------------------------+------------------------+------------------------+------------------------+--------------------------+------------------------------+--------------------------------+
; Name                           ; current_state.Update_IR ; current_state.Exit2_IR ; current_state.Pause1_IR ; current_state.Exit1_IR ; current_state.Shift_IR ; current_state.Capture_IR ; current_state.Select_IR_Scan ; current_state.Run_Test_Idle ; current_state.Update_DR ; current_state.Exit2_DR ; current_state.Pause_DR ; current_state.Exit1_DR ; current_state.Shift_DR ; current_state.Capture_DR ; current_state.Select_DR_Scan ; current_state.Test_Logic_Reset ;
+--------------------------------+-------------------------+------------------------+-------------------------+------------------------+------------------------+--------------------------+------------------------------+-----------------------------+-------------------------+------------------------+------------------------+------------------------+------------------------+--------------------------+------------------------------+--------------------------------+
; current_state.Test_Logic_Reset ; 0                       ; 0                      ; 0                       ; 0                      ; 0                      ; 0                        ; 0                            ; 0                           ; 0                       ; 0                      ; 0                      ; 0                      ; 0                      ; 0                        ; 0                            ; 0                              ;
; current_state.Select_DR_Scan   ; 0                       ; 0                      ; 0                       ; 0                      ; 0                      ; 0                        ; 0                            ; 0                           ; 0                       ; 0                      ; 0                      ; 0                      ; 0                      ; 0                        ; 1                            ; 1                              ;
; current_state.Capture_DR       ; 0                       ; 0                      ; 0                       ; 0                      ; 0                      ; 0                        ; 0                            ; 0                           ; 0                       ; 0                      ; 0                      ; 0                      ; 0                      ; 1                        ; 0                            ; 1                              ;
; current_state.Shift_DR         ; 0                       ; 0                      ; 0                       ; 0                      ; 0                      ; 0                        ; 0                            ; 0                           ; 0                       ; 0                      ; 0                      ; 0                      ; 1                      ; 0                        ; 0                            ; 1                              ;
; current_state.Exit1_DR         ; 0                       ; 0                      ; 0                       ; 0                      ; 0                      ; 0                        ; 0                            ; 0                           ; 0                       ; 0                      ; 0                      ; 1                      ; 0                      ; 0                        ; 0                            ; 1                              ;
; current_state.Pause_DR         ; 0                       ; 0                      ; 0                       ; 0                      ; 0                      ; 0                        ; 0                            ; 0                           ; 0                       ; 0                      ; 1                      ; 0                      ; 0                      ; 0                        ; 0                            ; 1                              ;
; current_state.Exit2_DR         ; 0                       ; 0                      ; 0                       ; 0                      ; 0                      ; 0                        ; 0                            ; 0                           ; 0                       ; 1                      ; 0                      ; 0                      ; 0                      ; 0                        ; 0                            ; 1                              ;
; current_state.Update_DR        ; 0                       ; 0                      ; 0                       ; 0                      ; 0                      ; 0                        ; 0                            ; 0                           ; 1                       ; 0                      ; 0                      ; 0                      ; 0                      ; 0                        ; 0                            ; 1                              ;
; current_state.Run_Test_Idle    ; 0                       ; 0                      ; 0                       ; 0                      ; 0                      ; 0                        ; 0                            ; 1                           ; 0                       ; 0                      ; 0                      ; 0                      ; 0                      ; 0                        ; 0                            ; 1                              ;
; current_state.Select_IR_Scan   ; 0                       ; 0                      ; 0                       ; 0                      ; 0                      ; 0                        ; 1                            ; 0                           ; 0                       ; 0                      ; 0                      ; 0                      ; 0                      ; 0                        ; 0                            ; 1                              ;
; current_state.Capture_IR       ; 0                       ; 0                      ; 0                       ; 0                      ; 0                      ; 1                        ; 0                            ; 0                           ; 0                       ; 0                      ; 0                      ; 0                      ; 0                      ; 0                        ; 0                            ; 1                              ;
; current_state.Shift_IR         ; 0                       ; 0                      ; 0                       ; 0                      ; 1                      ; 0                        ; 0                            ; 0                           ; 0                       ; 0                      ; 0                      ; 0                      ; 0                      ; 0                        ; 0                            ; 1                              ;
; current_state.Exit1_IR         ; 0                       ; 0                      ; 0                       ; 1                      ; 0                      ; 0                        ; 0                            ; 0                           ; 0                       ; 0                      ; 0                      ; 0                      ; 0                      ; 0                        ; 0                            ; 1                              ;
; current_state.Pause1_IR        ; 0                       ; 0                      ; 1                       ; 0                      ; 0                      ; 0                        ; 0                            ; 0                           ; 0                       ; 0                      ; 0                      ; 0                      ; 0                      ; 0                        ; 0                            ; 1                              ;
; current_state.Exit2_IR         ; 0                       ; 1                      ; 0                       ; 0                      ; 0                      ; 0                        ; 0                            ; 0                           ; 0                       ; 0                      ; 0                      ; 0                      ; 0                      ; 0                        ; 0                            ; 1                              ;
; current_state.Update_IR        ; 1                       ; 0                      ; 0                       ; 0                      ; 0                      ; 0                        ; 0                            ; 0                           ; 0                       ; 0                      ; 0                      ; 0                      ; 0                      ; 0                        ; 0                            ; 1                              ;
+--------------------------------+-------------------------+------------------------+-------------------------+------------------------+------------------------+--------------------------+------------------------------+-----------------------------+-------------------------+------------------------+------------------------+------------------------+------------------------+--------------------------+------------------------------+--------------------------------+


+------------------------------------------------------------+
; Registers Removed During Synthesis                         ;
+---------------------------------------+--------------------+
; Register name                         ; Reason for Removal ;
+---------------------------------------+--------------------+
; current_state~4                       ; Lost fanout        ;
; current_state~5                       ; Lost fanout        ;
; current_state~6                       ; Lost fanout        ;
; current_state~7                       ; Lost fanout        ;
; Total Number of Removed Registers = 4 ;                    ;
+---------------------------------------+--------------------+


+------------------------------------------------------+
; General Register Statistics                          ;
+----------------------------------------------+-------+
; Statistic                                    ; Value ;
+----------------------------------------------+-------+
; Total registers                              ; 16    ;
; Number of registers using Synchronous Clear  ; 10    ;
; Number of registers using Synchronous Load   ; 0     ;
; Number of registers using Asynchronous Clear ; 16    ;
; Number of registers using Asynchronous Load  ; 0     ;
; Number of registers using Clock Enable       ; 0     ;
; Number of registers using Preset             ; 0     ;
+----------------------------------------------+-------+


+--------------------------------------------------------------------------------+
; Parameter Settings for User Entity Instance: Top-level Entity: |tap_controller ;
+------------------+-------+-----------------------------------------------------+
; Parameter Name   ; Value ; Type                                                ;
+------------------+-------+-----------------------------------------------------+
; Test_Logic_Reset ; 0000  ; Unsigned Binary                                     ;
; Run_Test_Idle    ; 1000  ; Unsigned Binary                                     ;
; Select_DR_Scan   ; 0001  ; Unsigned Binary                                     ;
; Capture_DR       ; 0010  ; Unsigned Binary                                     ;
; Shift_DR         ; 0011  ; Unsigned Binary                                     ;
; Exit1_DR         ; 0100  ; Unsigned Binary                                     ;
; Pause_DR         ; 0101  ; Unsigned Binary                                     ;
; Exit2_DR         ; 0110  ; Unsigned Binary                                     ;
; Update_DR        ; 0111  ; Unsigned Binary                                     ;
; Select_IR_Scan   ; 1001  ; Unsigned Binary                                     ;
; Capture_IR       ; 1010  ; Unsigned Binary                                     ;
; Shift_IR         ; 1011  ; Unsigned Binary                                     ;
; Exit1_IR         ; 1100  ; Unsigned Binary                                     ;
; Pause1_IR        ; 1101  ; Unsigned Binary                                     ;
; Exit2_IR         ; 1110  ; Unsigned Binary                                     ;
; Update_IR        ; 1111  ; Unsigned Binary                                     ;
+------------------+-------+-----------------------------------------------------+
Note: In order to hide this table in the UI and the text report file, please set the "Show Parameter Settings in Synthesis Report" option in "Analysis and Synthesis Settings -> More Settings" to "Off".


+-------------------------------+
; Elapsed Time Per Partition    ;
+----------------+--------------+
; Partition Name ; Elapsed Time ;
+----------------+--------------+
; Top            ; 00:00:00     ;
+----------------+--------------+


+-------------------------------+
; Analysis & Synthesis Messages ;
+-------------------------------+
Info: *******************************************************************
Info: Running Quartus II 64-Bit Analysis & Synthesis
    Info: Version 13.0.1 Build 232 06/12/2013 Service Pack 1 SJ Web Edition
    Info: Processing started: Sat Jun 05 11:36:09 2021
Info: Command: quartus_map --read_settings_files=on --write_settings_files=off exercise_3 -c exercise_3
Warning (20028): Parallel compilation is not licensed and has been disabled
Info (12021): Found 1 design units, including 1 entities, in source file cpu.v
    Info (12023): Found entity 1: MCPU
Info (12021): Found 1 design units, including 1 entities, in source file ir.v
    Info (12023): Found entity 1: IR
Info (12021): Found 1 design units, including 1 entities, in source file br.v
    Info (12023): Found entity 1: BR
Info (12021): Found 1 design units, including 1 entities, in source file bsc.v
    Info (12023): Found entity 1: BSC
Info (12021): Found 1 design units, including 1 entities, in source file bsc_tb.v
    Info (12023): Found entity 1: BSC_tb
Info (12021): Found 1 design units, including 1 entities, in source file tap_controller.v
    Info (12023): Found entity 1: tap_controller
Info (12021): Found 1 design units, including 1 entities, in source file tap_controller_tb.v
    Info (12023): Found entity 1: tap_controller_tb
Warning (10236): Verilog HDL Implicit Net warning at BSC.v(11): created implicit net for "D1fromLFFQ"
Warning (10227): Verilog HDL Port Declaration warning at tap_controller.v(8): data type declaration for "state" declares packed dimensions but the port declaration declaration does not
Info (10499): HDL info at tap_controller.v(6): see declaration for object "state"
Info (12127): Elaborating entity "tap_controller" for the top level hierarchy
Info (286030): Timing-Driven Synthesis is running
Info (17049): 4 registers lost all their fanouts during netlist optimizations.
Info (16010): Generating hard_block partition "hard_block:auto_generated_inst"
    Info (16011): Adding 0 node(s), including 0 DDIO, 0 PLL, 0 transceiver and 0 LCELL
Info (21057): Implemented 34 device resources after synthesis - the final resource count might be different
    Info (21058): Implemented 3 input pins
    Info (21059): Implemented 4 output pins
    Info (21061): Implemented 27 logic cells
Info: Quartus II 64-Bit Analysis & Synthesis was successful. 0 errors, 3 warnings
    Info: Peak virtual memory: 4642 megabytes
    Info: Processing ended: Sat Jun 05 11:36:11 2021
    Info: Elapsed time: 00:00:02
    Info: Total CPU time (on all processors): 00:00:02


